00:00:00.006680 main     VirtualBox XPCOM Server 6.1.44 r156814 linux.amd64 (Apr 13 2023 11:18:03) release log
00:00:00.006688 main     Log opened 2023-04-24T13:08:33.882568000Z
00:00:00.006691 main     Build Type: release
00:00:00.006707 main     OS Product: Linux
00:00:00.006709 main     OS Release: 6.2.12-arch1-1
00:00:00.006712 main     OS Version: #1 SMP PREEMPT_DYNAMIC Thu, 20 Apr 2023 16:11:55 +0000
00:00:00.006770 main     DMI Product Name: OptiPlex 3080
00:00:00.006790 main     DMI Product Version: 
00:00:00.006807 main     Firmware type: UEFI
00:00:00.007533 main     Secure Boot: Disabled
00:00:00.007681 main     Host RAM: 15742MB (15.3GB) total, 15056MB (14.7GB) available
00:00:00.007694 main     Executable: /opt/VirtualBox/VBoxSVC
00:00:00.007695 main     Process ID: 1385
00:00:00.007697 main     Package type: LINUX_64BITS_GENERIC
00:00:00.012194 main     IPC socket path: /tmp/.vbox-bocaj-ipc/ipcd
00:00:00.118565 nspr-2   VirtualBox: object creation starts
00:00:00.118802 nspr-2   Home directory: '/home/bocaj/.config/VirtualBox'
00:00:00.120548 nspr-2   Loading settings file "/home/bocaj/.config/VirtualBox/VirtualBox.xml" with version "1.12-linux"
00:00:00.123267 nspr-2   Successfully initialised host USB using sysfs
00:00:00.124326 nspr-2   HostDnsMonitor: initializing
00:00:00.124958 nspr-2   NAT: resolv.conf: nameserver 192.168.192.4
00:00:00.125016 nspr-2   HostDnsMonitor: updating information
00:00:00.125075 nspr-2   HostDnsMonitor: old information
00:00:00.125087 nspr-2     no server entries
00:00:00.125098 nspr-2     no domain set
00:00:00.125106 nspr-2     no search string entries
00:00:00.125114 nspr-2   HostDnsMonitor: new information
00:00:00.125122 nspr-2     server 1: 192.168.192.4
00:00:00.125131 nspr-2     domain: agile.local
00:00:00.125139 nspr-2     search string 1: agile.local
00:00:00.140686 nspr-2   VD: VDInit finished with VINF_SUCCESS
00:00:00.140910 nspr-2   ERROR [COM]: aRC=NS_ERROR_FAILURE (0x80004005) aIID={027bc463-929c-40e8-bf16-fea557cd8e7e} aComponent={SystemPropertiesWrap} aText={Cannot determine default Guest Additions ISO location. Most likely they are not available}, preserve=false aResultDetail=0
00:00:00.153497 nspr-2   Loading settings file "/home/bocaj/VirtualBox VMs/JYOUNG_Bak/JYOUNG_Bak.vbox" with version "1.17-linux"
00:00:00.156170 nspr-2   Loading settings file "/home/bocaj/VirtualBox VMs/Win11/Win11.vbox" with version "1.18-linux"
00:00:00.158310 nspr-2   Loading settings file "/home/bocaj/VirtualBox VMs/Bedrock_Linux/Bedrock_Linux.vbox" with version "1.16-linux"
00:00:00.160712 nspr-2   OCI: Local config file '/home/bocaj/.config/VirtualBox/oci_config' does not exist
00:00:00.160754 nspr-2   OCI: Original config file '/home/bocaj/.oci/config' does not exist
00:00:00.160766 nspr-2   OCI: Reading profiles finished with status NS_OK
00:00:00.160779 nspr-2   ExtPack: Created cloud provider 'OCI' (hrc=NS_OK)
00:00:00.160811 nspr-2   VirtualBox: object created
00:00:26.052811 nspr-5   Saving settings file "/home/bocaj/VirtualBox VMs/JYOUNG_Bak/JYOUNG_Bak.vbox" with version "1.17-linux"
00:00:28.001510 nspr-3   Launched VM: 3355511376 pid: 1412 (0x584) frontend: GUI/Qt name: JYOUNG_Bak
00:00:28.614809 nspr-4   Load [/opt/VirtualBox/ExtensionPacks/Oracle_VM_VirtualBox_Extension_Pack/linux.amd64/VBoxHostWebcam.so] vrc=VINF_SUCCESS
00:00:28.664979 nspr-7   ERROR [COM]: aRC=VBOX_E_IPRT_ERROR (0x80bb0005) aIID={85632c68-b5bb-4316-a900-5eb28d3413df} aComponent={SessionMachine} aText={Saved screenshot data is not available (VERR_NOT_SUPPORTED)}, preserve=false aResultDetail=-37
00:02:23.234877 nspr-2   Saving settings file "/home/bocaj/VirtualBox VMs/JYOUNG_Bak/JYOUNG_Bak.vbox" with version "1.17-linux"
00:02:23.829778 nspr-6   Saving settings file "/home/bocaj/VirtualBox VMs/JYOUNG_Bak/JYOUNG_Bak.vbox" with version "1.17-linux"
00:02:25.905677 nspr-6   Saving settings file "/home/bocaj/.config/VirtualBox/VirtualBox.xml" with version "1.12-linux"
00:02:25.912956 nspr-4   Saving settings file "/home/bocaj/.config/VirtualBox/VirtualBox.xml" with version "1.12-linux"
00:02:25.923709 nspr-4   Saving settings file "/home/bocaj/.config/VirtualBox/VirtualBox.xml" with version "1.12-linux"
00:02:25.929040 nspr-3   Saving settings file "/home/bocaj/.config/VirtualBox/VirtualBox.xml" with version "1.12-linux"
00:02:25.938116 nspr-11  Saving settings file "/home/bocaj/.config/VirtualBox/VirtualBox.xml" with version "1.12-linux"
00:02:31.454719 main     VirtualBox: object deletion starts
00:02:31.455092 main     ERROR [COM]: aRC=VBOX_E_OBJECT_IN_USE (0x80bb000c) aIID={ad47ad09-787b-44ab-b343-a082a3f2dfb1} aComponent={MediumWrap} aText={Medium '/home/bocaj/VirtualBox VMs/Big11/Big11.vmdk' cannot be closed because it is still attached to 1 virtual machines}, preserve=false aResultDetail=0
00:02:31.455395 main     ERROR [COM]: aRC=VBOX_E_OBJECT_IN_USE (0x80bb000c) aIID={ad47ad09-787b-44ab-b343-a082a3f2dfb1} aComponent={MediumWrap} aText={Medium '/home/bocaj/VirtualBox VMs/Bedrock_Linux/Bedrock_Linux.vmdk' cannot be closed because it is still attached to 1 virtual machines}, preserve=false aResultDetail=0
00:02:31.456171 main     HostDnsMonitor: shutting down ...
00:02:31.466799 main     HostDnsMonitor: shut down
00:02:31.747528 Watcher  ERROR [COM]: aRC=E_ACCESSDENIED (0x80070005) aIID={d0a0163f-e254-4e5b-a1f2-011cf991c38d} aComponent={VirtualBoxWrap} aText={The object is not ready}, preserve=false aResultDetail=0
00:02:36.468673 main     {00007f79c8019e50} HostPowerServiceLinux::~HostPowerServiceLinux: RTThreadWait() for 5000 ms failed with VERR_TIMEOUT
00:02:36.469660 main     VirtualBox: object deleted
