2023-04-13T13:05:37.219Z - info: [ui] [AppStore] loading 8 repositories from store
2023-04-13T13:05:37.223Z - info: [ui] [AppStore] found account: BocajBot (BocajGnuoy)
2023-04-13T13:05:37.383Z - info: [ui] [BranchPruner] No branches to prune.
2023-04-13T13:05:37.422Z - info: [ui] launching: 3.2.1-linux1 (Linux 6.2.9-arch1-1)
2023-04-13T13:05:37.424Z - info: [ui] execPath: '/opt/github-desktop/github-desktop'
2023-04-13T13:05:37.483Z - info: [ui] Subscribed 'BocajBot' to Alive channel
2023-04-13T13:05:37.599Z - info: [ui] Stats reported.
2023-04-13T13:05:40.230Z - info: [ui] [BranchPruner] No branches to prune.
2023-04-13T13:05:41.994Z - info: [ui] [AppStore.withAuthenticatingUser] account found for repository: Rusty_NinjaOne - BocajBot (has token)
2023-04-13T13:45:50.239Z - info: [ui] [AppStore] loading 8 repositories from store
2023-04-13T13:45:50.244Z - info: [ui] [AppStore] found account: BocajBot (BocajGnuoy)
2023-04-13T13:45:50.274Z - info: [ui] [BranchPruner] Last prune took place 40 minutes ago - skipping
2023-04-13T13:45:50.441Z - info: [ui] launching: 3.2.1-linux1 (Linux 6.2.9-arch1-1)
2023-04-13T13:45:50.444Z - info: [ui] execPath: '/opt/github-desktop/github-desktop'
2023-04-13T13:45:50.503Z - info: [ui] Subscribed 'BocajBot' to Alive channel
2023-04-13T13:45:55.134Z - info: [ui] [BranchPruner] No branches to prune.
2023-04-13T13:45:59.446Z - info: [ui] [RepositoryIndicatorUpdater]: Refreshing sidebar indicators for 7 repositories took 1.2s of which 0.0s paused, total 1.2s
2023-04-13T13:46:33.640Z - info: [ui] [Timing] Action 'create commit' for 'BocajBot/AgileInformationUtility' took 0.376s
2023-04-13T13:46:34.738Z - info: [ui] [AppStore.withAuthenticatingUser] account found for repository: AgileInformationUtility - BocajBot (has token)
2023-04-13T13:46:37.763Z - info: [ui] Executing push: git -c credential.helper= push origin main:main --progress (took 3.004s)
2023-04-13T14:27:02.691Z - info: [ui] [RepositoryIndicatorUpdater]: Refreshing sidebar indicators for 7 repositories took 1.3s of which 0.0s paused, total 1.3s
2023-04-13T14:27:10.092Z - info: [ui] No submodules found. Skipping "git submodule status"
2023-04-13T14:27:58.194Z - info: [ui] [Timing] Action 'create commit' for 'BocajBot/AgileInformationUtility' took 0.075s
2023-04-13T14:27:59.216Z - info: [ui] [AppStore.withAuthenticatingUser] account found for repository: AgileInformationUtility - BocajBot (has token)
2023-04-13T14:30:15.829Z - info: [ui] [Timing] Action 'create commit' for 'BocajBot/AgileInformationUtility' took 0.117s
2023-04-13T14:30:16.893Z - info: [ui] [AppStore.withAuthenticatingUser] account found for repository: AgileInformationUtility - BocajBot (has token)
2023-04-13T14:48:43.404Z - info: [ui] [RepositoryIndicatorUpdater]: Refreshing sidebar indicators for 7 repositories took 1.3s of which 0.0s paused, total 1.3s
