2023-04-28T14:28:06.253Z - info: [ui] [AppStore] loading 8 repositories from store
2023-04-28T14:28:06.258Z - info: [ui] [AppStore] found account: BocajBot (BocajGnuoy)
2023-04-28T14:28:06.359Z - info: [ui] [BranchPruner] No branches to prune.
2023-04-28T14:28:06.480Z - info: [ui] launching: 3.2.1-linux1 (Linux 6.2.12-arch1-1)
2023-04-28T14:28:06.482Z - info: [ui] execPath: '/opt/github-desktop/github-desktop'
2023-04-28T14:28:06.611Z - info: [ui] Subscribed 'BocajBot' to Alive channel
2023-04-28T14:28:06.624Z - info: [ui] Stats reported.
2023-04-28T14:28:13.119Z - info: [ui] [BranchPruner] No branches to prune.
2023-04-28T14:28:22.871Z - info: [ui] [RepositoryIndicatorUpdater]: Refreshing sidebar indicators for 7 repositories took 1.1s of which 0.0s paused, total 1.1s
2023-04-28T14:28:43.491Z - info: [ui] [Timing] Action 'create commit' for 'BocajBot/AgileInformationUtility' took 0.537s
2023-04-28T14:28:44.941Z - info: [ui] [AppStore.withAuthenticatingUser] account found for repository: AgileInformationUtility - BocajBot (has token)
2023-04-28T14:28:48.943Z - info: [ui] Executing push: git -c credential.helper= push origin main:main --progress (took 3.998s)
2023-04-28T18:19:22.997Z - info: [ui] [RepositoryIndicatorUpdater]: Refreshing sidebar indicators for 7 repositories took 1.1s of which 0.0s paused, total 1.1s
2023-04-28T18:19:46.320Z - info: [ui] [Timing] Action 'create commit' for 'BocajBot/AgileInformationUtility' took 0.138s
2023-04-28T18:19:47.758Z - info: [ui] [AppStore.withAuthenticatingUser] account found for repository: AgileInformationUtility - BocajBot (has token)
2023-04-28T18:28:13.128Z - info: [ui] [BranchPruner] Last prune took place 4 hours ago - skipping
2023-04-28T18:47:28.995Z - info: [ui] [RepositoryIndicatorUpdater]: Refreshing sidebar indicators for 7 repositories took 1.4s of which 0.0s paused, total 1.4s
2023-04-28T18:47:35.764Z - info: [ui] [Timing] Action 'create commit' for 'BocajBot/AgileInformationUtility' took 0.153s
2023-04-28T18:47:36.664Z - info: [ui] [AppStore.withAuthenticatingUser] account found for repository: AgileInformationUtility - BocajBot (has token)
2023-04-28T19:24:37.225Z - info: [ui] [RepositoryIndicatorUpdater]: Refreshing sidebar indicators for 7 repositories took 1.5s of which 0.0s paused, total 1.5s
2023-04-28T19:34:26.348Z - info: [ui] [Timing] Action 'create commit' for 'BocajBot/AgileInformationUtility' took 0.150s
2023-04-28T19:34:27.194Z - info: [ui] [AppStore.withAuthenticatingUser] account found for repository: AgileInformationUtility - BocajBot (has token)
2023-04-28T19:56:47.138Z - info: [ui] [RepositoryIndicatorUpdater]: Refreshing sidebar indicators for 7 repositories took 1.3s of which 0.0s paused, total 1.3s
2023-04-28T19:56:48.435Z - info: [ui] [BranchPruner] Last prune took place 5 hours ago - skipping
2023-04-28T23:56:48.438Z - info: [ui] [BranchPruner] Last prune took place 9 hours ago - skipping
